<?xml version="1.0" encoding="UTF-8"?>
<!-- Generated by org.testng.reporters.JUnitReportReporter -->
<testsuite hostname="DESKTOP-UFMB1VQ" failures="1" tests="71" name="com.pwc.productcentral.RegressionTestCases" time="34.611" errors="0" timestamp="2023-03-10T13:08:27 EST" skipped="70">
  <testcase classname="com.pwc.productcentral.RegressionTestCases" name="WEB_63" time="34.611">
    <failure message="Test case failed: Verify that on click of search product bar, the borders of the search bar lights up " type="java.lang.AssertionError">
      <![CDATA[java.lang.AssertionError: Test case failed: Verify that on click of search product bar, the borders of the search bar lights up 
at org.testng.Assert.fail(Assert.java:99)
at com.pwc.productcentral.RegressionTestCases.WEB_63(RegressionTestCases.java:1300)
at java.base/jdk.internal.reflect.DirectMethodHandleAccessor.invoke(DirectMethodHandleAccessor.java:104)
at java.base/java.lang.reflect.Method.invoke(Method.java:577)
at org.testng.internal.MethodInvocationHelper.invokeMethod(MethodInvocationHelper.java:133)
at org.testng.internal.TestInvoker.invokeMethod(TestInvoker.java:598)
at org.testng.internal.TestInvoker.invokeTestMethod(TestInvoker.java:173)
at org.testng.internal.MethodRunner.runInSequence(MethodRunner.java:46)
at org.testng.internal.TestInvoker$MethodInvocationAgent.invoke(TestInvoker.java:824)
at org.testng.internal.TestInvoker.invokeTestMethods(TestInvoker.java:146)
at org.testng.internal.TestMethodWorker.invokeTestMethods(TestMethodWorker.java:146)
at org.testng.internal.TestMethodWorker.run(TestMethodWorker.java:128)
at java.base/java.util.ArrayList.forEach(ArrayList.java:1511)
at org.testng.TestRunner.privateRun(TestRunner.java:794)
at org.testng.TestRunner.run(TestRunner.java:596)
at org.testng.SuiteRunner.runTest(SuiteRunner.java:377)
at org.testng.SuiteRunner.runSequentially(SuiteRunner.java:371)
at org.testng.SuiteRunner.privateRun(SuiteRunner.java:332)
at org.testng.SuiteRunner.run(SuiteRunner.java:276)
at org.testng.SuiteRunnerWorker.runSuite(SuiteRunnerWorker.java:53)
at org.testng.SuiteRunnerWorker.run(SuiteRunnerWorker.java:96)
at org.testng.TestNG.runSuitesSequentially(TestNG.java:1212)
at org.testng.TestNG.runSuitesLocally(TestNG.java:1134)
at org.testng.TestNG.runSuites(TestNG.java:1063)
at org.testng.TestNG.run(TestNG.java:1031)
at org.testng.remote.AbstractRemoteTestNG.run(AbstractRemoteTestNG.java:115)
at org.testng.remote.RemoteTestNG.initAndRun(RemoteTestNG.java:251)
at org.testng.remote.RemoteTestNG.main(RemoteTestNG.java:77)
]]>
    </failure>
  </testcase> <!-- WEB_63 -->
  <system-out/>
  <testcase classname="com.pwc.productcentral.RegressionTestCases" name="WEB_31">
    <skipped/>
  </testcase> <!-- WEB_31 -->
  <system-out/>
  <testcase classname="com.pwc.productcentral.RegressionTestCases" name="WEB_32">
    <skipped/>
  </testcase> <!-- WEB_32 -->
  <system-out/>
  <testcase classname="com.pwc.productcentral.RegressionTestCases" name="WEB_30">
    <skipped/>
  </testcase> <!-- WEB_30 -->
  <system-out/>
  <testcase classname="com.pwc.productcentral.RegressionTestCases" name="WEB_35">
    <skipped/>
  </testcase> <!-- WEB_35 -->
  <system-out/>
  <testcase classname="com.pwc.productcentral.RegressionTestCases" name="WEB_36">
    <skipped/>
  </testcase> <!-- WEB_36 -->
  <system-out/>
  <testcase classname="com.pwc.productcentral.RegressionTestCases" name="WEB_33">
    <skipped/>
  </testcase> <!-- WEB_33 -->
  <system-out/>
  <testcase classname="com.pwc.productcentral.RegressionTestCases" name="WEB_34">
    <skipped/>
  </testcase> <!-- WEB_34 -->
  <system-out/>
  <testcase classname="com.pwc.productcentral.RegressionTestCases" name="WEB_37">
    <skipped/>
  </testcase> <!-- WEB_37 -->
  <system-out/>
  <testcase classname="com.pwc.productcentral.RegressionTestCases" name="WEB_71">
    <skipped/>
  </testcase> <!-- WEB_71 -->
  <system-out/>
  <testcase classname="com.pwc.productcentral.RegressionTestCases" name="WEB_70">
    <skipped/>
  </testcase> <!-- WEB_70 -->
  <system-out/>
  <testcase classname="com.pwc.productcentral.RegressionTestCases" name="WEB_62">
    <skipped/>
  </testcase> <!-- WEB_62 -->
  <system-out/>
  <testcase classname="com.pwc.productcentral.RegressionTestCases" name="WEB_39">
    <skipped/>
  </testcase> <!-- WEB_39 -->
  <system-out/>
  <testcase classname="com.pwc.productcentral.RegressionTestCases" name="WEB_38">
    <skipped/>
  </testcase> <!-- WEB_38 -->
  <system-out/>
  <testcase classname="com.pwc.productcentral.RegressionTestCases" name="WEB_20">
    <skipped/>
  </testcase> <!-- WEB_20 -->
  <system-out/>
  <testcase classname="com.pwc.productcentral.RegressionTestCases" name="WEB_64">
    <skipped/>
  </testcase> <!-- WEB_64 -->
  <system-out/>
  <testcase classname="com.pwc.productcentral.RegressionTestCases" name="WEB_21">
    <skipped/>
  </testcase> <!-- WEB_21 -->
  <system-out/>
  <testcase classname="com.pwc.productcentral.RegressionTestCases" name="WEB_65">
    <skipped/>
  </testcase> <!-- WEB_65 -->
  <system-out/>
  <testcase classname="com.pwc.productcentral.RegressionTestCases" name="WEB_24">
    <skipped/>
  </testcase> <!-- WEB_24 -->
  <system-out/>
  <testcase classname="com.pwc.productcentral.RegressionTestCases" name="WEB_68">
    <skipped/>
  </testcase> <!-- WEB_68 -->
  <system-out/>
  <testcase classname="com.pwc.productcentral.RegressionTestCases" name="WEB_25">
    <skipped/>
  </testcase> <!-- WEB_25 -->
  <system-out/>
  <testcase classname="com.pwc.productcentral.RegressionTestCases" name="WEB_69">
    <skipped/>
  </testcase> <!-- WEB_69 -->
  <system-out/>
  <testcase classname="com.pwc.productcentral.RegressionTestCases" name="WEB_22">
    <skipped/>
  </testcase> <!-- WEB_22 -->
  <system-out/>
  <testcase classname="com.pwc.productcentral.RegressionTestCases" name="WEB_66">
    <skipped/>
  </testcase> <!-- WEB_66 -->
  <system-out/>
  <testcase classname="com.pwc.productcentral.RegressionTestCases" name="WEB_23">
    <skipped/>
  </testcase> <!-- WEB_23 -->
  <system-out/>
  <testcase classname="com.pwc.productcentral.RegressionTestCases" name="WEB_67">
    <skipped/>
  </testcase> <!-- WEB_67 -->
  <system-out/>
  <testcase classname="com.pwc.productcentral.RegressionTestCases" name="WEB_26">
    <skipped/>
  </testcase> <!-- WEB_26 -->
  <system-out/>
  <testcase classname="com.pwc.productcentral.RegressionTestCases" name="WEB_60">
    <skipped/>
  </testcase> <!-- WEB_60 -->
  <system-out/>
  <testcase classname="com.pwc.productcentral.RegressionTestCases" name="WEB_61">
    <skipped/>
  </testcase> <!-- WEB_61 -->
  <system-out/>
  <testcase classname="com.pwc.productcentral.RegressionTestCases" name="WEB_51">
    <skipped/>
  </testcase> <!-- WEB_51 -->
  <system-out/>
  <testcase classname="com.pwc.productcentral.RegressionTestCases" name="WEB_28">
    <skipped/>
  </testcase> <!-- WEB_28 -->
  <system-out/>
  <testcase classname="com.pwc.productcentral.RegressionTestCases" name="WEB_29">
    <skipped/>
  </testcase> <!-- WEB_29 -->
  <system-out/>
  <testcase classname="com.pwc.productcentral.RegressionTestCases" name="WEB_27">
    <skipped/>
  </testcase> <!-- WEB_27 -->
  <system-out/>
  <testcase classname="com.pwc.productcentral.RegressionTestCases" name="WEB_53">
    <skipped/>
  </testcase> <!-- WEB_53 -->
  <system-out/>
  <testcase classname="com.pwc.productcentral.RegressionTestCases" name="WEB_10">
    <skipped/>
  </testcase> <!-- WEB_10 -->
  <system-out/>
  <testcase classname="com.pwc.productcentral.RegressionTestCases" name="WEB_54">
    <skipped/>
  </testcase> <!-- WEB_54 -->
  <system-out/>
  <testcase classname="com.pwc.productcentral.RegressionTestCases" name="WEB_52">
    <skipped/>
  </testcase> <!-- WEB_52 -->
  <system-out/>
  <testcase classname="com.pwc.productcentral.RegressionTestCases" name="WEB_13">
    <skipped/>
  </testcase> <!-- WEB_13 -->
  <system-out/>
  <testcase classname="com.pwc.productcentral.RegressionTestCases" name="WEB_57">
    <skipped/>
  </testcase> <!-- WEB_57 -->
  <system-out/>
  <testcase classname="com.pwc.productcentral.RegressionTestCases" name="WEB_14">
    <skipped/>
  </testcase> <!-- WEB_14 -->
  <system-out/>
  <testcase classname="com.pwc.productcentral.RegressionTestCases" name="WEB_58">
    <skipped/>
  </testcase> <!-- WEB_58 -->
  <system-out/>
  <testcase classname="com.pwc.productcentral.RegressionTestCases" name="WEB_11">
    <skipped/>
  </testcase> <!-- WEB_11 -->
  <system-out/>
  <testcase classname="com.pwc.productcentral.RegressionTestCases" name="WEB_55">
    <skipped/>
  </testcase> <!-- WEB_55 -->
  <system-out/>
  <testcase classname="com.pwc.productcentral.RegressionTestCases" name="WEB_12">
    <skipped/>
  </testcase> <!-- WEB_12 -->
  <system-out/>
  <testcase classname="com.pwc.productcentral.RegressionTestCases" name="WEB_56">
    <skipped/>
  </testcase> <!-- WEB_56 -->
  <system-out/>
  <testcase classname="com.pwc.productcentral.RegressionTestCases" name="WEB_15">
    <skipped/>
  </testcase> <!-- WEB_15 -->
  <system-out/>
  <testcase classname="com.pwc.productcentral.RegressionTestCases" name="WEB_59">
    <skipped/>
  </testcase> <!-- WEB_59 -->
  <system-out/>
  <testcase classname="com.pwc.productcentral.RegressionTestCases" name="WEB_50">
    <skipped/>
  </testcase> <!-- WEB_50 -->
  <system-out/>
  <testcase classname="com.pwc.productcentral.RegressionTestCases" name="WEB_40">
    <skipped/>
  </testcase> <!-- WEB_40 -->
  <system-out/>
  <testcase classname="com.pwc.productcentral.RegressionTestCases" name="WEB_17">
    <skipped/>
  </testcase> <!-- WEB_17 -->
  <system-out/>
  <testcase classname="com.pwc.productcentral.RegressionTestCases" name="WEB_2">
    <skipped/>
  </testcase> <!-- WEB_2 -->
  <system-out/>
  <testcase classname="com.pwc.productcentral.RegressionTestCases" name="WEB_18">
    <skipped/>
  </testcase> <!-- WEB_18 -->
  <system-out/>
  <testcase classname="com.pwc.productcentral.RegressionTestCases" name="WEB_16">
    <skipped/>
  </testcase> <!-- WEB_16 -->
  <system-out/>
  <testcase classname="com.pwc.productcentral.RegressionTestCases" name="WEB_19">
    <skipped/>
  </testcase> <!-- WEB_19 -->
  <system-out/>
  <testcase classname="com.pwc.productcentral.RegressionTestCases" name="WEB_42">
    <skipped/>
  </testcase> <!-- WEB_42 -->
  <system-out/>
  <testcase classname="com.pwc.productcentral.RegressionTestCases" name="WEB_43">
    <skipped/>
  </testcase> <!-- WEB_43 -->
  <system-out/>
  <testcase classname="com.pwc.productcentral.RegressionTestCases" name="WEB_41">
    <skipped/>
  </testcase> <!-- WEB_41 -->
  <system-out/>
  <testcase classname="com.pwc.productcentral.RegressionTestCases" name="WEB_46">
    <skipped/>
  </testcase> <!-- WEB_46 -->
  <system-out/>
  <testcase classname="com.pwc.productcentral.RegressionTestCases" name="WEB_47">
    <skipped/>
  </testcase> <!-- WEB_47 -->
  <system-out/>
  <testcase classname="com.pwc.productcentral.RegressionTestCases" name="WEB_44">
    <skipped/>
  </testcase> <!-- WEB_44 -->
  <system-out/>
  <testcase classname="com.pwc.productcentral.RegressionTestCases" name="WEB_1">
    <skipped/>
  </testcase> <!-- WEB_1 -->
  <system-out/>
  <testcase classname="com.pwc.productcentral.RegressionTestCases" name="WEB_45">
    <skipped/>
  </testcase> <!-- WEB_45 -->
  <system-out/>
  <testcase classname="com.pwc.productcentral.RegressionTestCases" name="WEB_3">
    <skipped/>
  </testcase> <!-- WEB_3 -->
  <system-out/>
  <testcase classname="com.pwc.productcentral.RegressionTestCases" name="WEB_5">
    <skipped/>
  </testcase> <!-- WEB_5 -->
  <system-out/>
  <testcase classname="com.pwc.productcentral.RegressionTestCases" name="WEB_48">
    <skipped/>
  </testcase> <!-- WEB_48 -->
  <system-out/>
  <testcase classname="com.pwc.productcentral.RegressionTestCases" name="WEB_4">
    <skipped/>
  </testcase> <!-- WEB_4 -->
  <system-out/>
  <testcase classname="com.pwc.productcentral.RegressionTestCases" name="WEB_7">
    <skipped/>
  </testcase> <!-- WEB_7 -->
  <system-out/>
  <testcase classname="com.pwc.productcentral.RegressionTestCases" name="WEB_6">
    <skipped/>
  </testcase> <!-- WEB_6 -->
  <system-out/>
  <testcase classname="com.pwc.productcentral.RegressionTestCases" name="WEB_9">
    <skipped/>
  </testcase> <!-- WEB_9 -->
  <system-out/>
  <testcase classname="com.pwc.productcentral.RegressionTestCases" name="WEB_8">
    <skipped/>
  </testcase> <!-- WEB_8 -->
  <system-out/>
  <testcase classname="com.pwc.productcentral.RegressionTestCases" name="WEB_49">
    <skipped/>
  </testcase> <!-- WEB_49 -->
  <system-out/>
</testsuite> <!-- com.pwc.productcentral.RegressionTestCases -->
